<?xml version="1.0" encoding="UTF-8"?>
<testng-results skipped="0" failed="0" ignored="0" total="2" passed="2">
  <reporter-output>
  </reporter-output>
  <suite name="Suite" duration-ms="28159" started-at="2020-01-08T10:10:36Z" finished-at="2020-01-08T10:11:04Z">
    <groups>
    </groups>
    <test name="FirefoxTest" duration-ms="21507" started-at="2020-01-08T10:10:36Z" finished-at="2020-01-08T10:10:57Z">
      <class name="parallelTestDemo.MyParallelDemo">
        <test-method status="PASS" signature="setup(java.lang.String)[pri:0, instance:parallelTestDemo.MyParallelDemo@3532ec19]" name="setup" is-config="true" duration-ms="5894" started-at="2020-01-08T10:10:36Z" finished-at="2020-01-08T10:10:42Z">
          <params>
            <param index="0">
              <value>
                <![CDATA[firefox]]>
              </value>
            </param>
          </params>
          <reporter-output>
          </reporter-output>
        </test-method> <!-- setup -->
        <test-method status="PASS" signature="startapp()[pri:0, instance:parallelTestDemo.MyParallelDemo@3532ec19]" name="startapp" duration-ms="13561" started-at="2020-01-08T10:10:42Z" finished-at="2020-01-08T10:10:55Z">
          <reporter-output>
          </reporter-output>
        </test-method> <!-- startapp -->
        <test-method status="PASS" signature="endtest()[pri:0, instance:parallelTestDemo.MyParallelDemo@3532ec19]" name="endtest" is-config="true" duration-ms="2023" started-at="2020-01-08T10:10:55Z" finished-at="2020-01-08T10:10:57Z">
          <reporter-output>
          </reporter-output>
        </test-method> <!-- endtest -->
      </class> <!-- parallelTestDemo.MyParallelDemo -->
    </test> <!-- FirefoxTest -->
    <test name="ChromeTest" duration-ms="28159" started-at="2020-01-08T10:10:36Z" finished-at="2020-01-08T10:11:04Z">
      <class name="parallelTestDemo.MyParallelDemo">
        <test-method status="PASS" signature="setup(java.lang.String)[pri:0, instance:parallelTestDemo.MyParallelDemo@68be2bc2]" name="setup" is-config="true" duration-ms="6509" started-at="2020-01-08T10:10:36Z" finished-at="2020-01-08T10:10:42Z">
          <params>
            <param index="0">
              <value>
                <![CDATA[chrome]]>
              </value>
            </param>
          </params>
          <reporter-output>
          </reporter-output>
        </test-method> <!-- setup -->
        <test-method status="PASS" signature="startapp()[pri:0, instance:parallelTestDemo.MyParallelDemo@68be2bc2]" name="startapp" duration-ms="17435" started-at="2020-01-08T10:10:42Z" finished-at="2020-01-08T10:11:00Z">
          <reporter-output>
          </reporter-output>
        </test-method> <!-- startapp -->
        <test-method status="PASS" signature="endtest()[pri:0, instance:parallelTestDemo.MyParallelDemo@68be2bc2]" name="endtest" is-config="true" duration-ms="4207" started-at="2020-01-08T10:11:00Z" finished-at="2020-01-08T10:11:04Z">
          <reporter-output>
          </reporter-output>
        </test-method> <!-- endtest -->
      </class> <!-- parallelTestDemo.MyParallelDemo -->
    </test> <!-- ChromeTest -->
  </suite> <!-- Suite -->
</testng-results>
