<?xml version="1.0" encoding="UTF-8"?>
<!-- Generated by org.testng.reporters.JUnitXMLReporter -->
<testsuite hostname="IBM-Testing01" ignored="0" name="groupsTest" tests="8" failures="0" timestamp="08 Jan 2020 08:34:06 GMT" time="0.067" errors="0">
  <testcase name="test1" time="0.013" classname="groupspackage.TestGroup1"/>
  <testcase name="test5" time="0.014" classname="groupspackage.TestGroup2"/>
  <testcase name="test2" time="0.002" classname="groupspackage.TestGroup1"/>
  <testcase name="test6" time="0.004" classname="groupspackage.TestGroup2"/>
  <testcase name="test3" time="0.0" classname="groupspackage.TestGroup1"/>
  <testcase name="test7" time="0.003" classname="groupspackage.TestGroup2"/>
  <testcase name="test4" time="0.008" classname="groupspackage.TestGroup1"/>
  <testcase name="test8" time="0.005" classname="groupspackage.TestGroup2"/>
</testsuite> <!-- groupsTest -->
