<?xml version="1.0" encoding="UTF-8"?>
<!-- Generated by org.testng.reporters.JUnitXMLReporter -->
<testsuite hostname="IBM-Testing01" ignored="0" name="Test" tests="6" failures="0" timestamp="08 Jan 2020 09:32:01 GMT" time="22.384" errors="0">
  <testcase name="startapp1" time="8.615" classname="parallelTestDemo.MyParallelDemo"/>
  <testcase name="startapp" time="11.313" classname="parallelTestDemo.MyParallelDemo"/>
  <testcase name="checktitle1" time="3.716" classname="parallelTestDemo.MyParallelDemo"/>
  <testcase name="checktitle" time="3.723" classname="parallelTestDemo.MyParallelDemo"/>
  <testcase name="logoff" time="5.935" classname="parallelTestDemo.MyParallelDemo"/>
  <testcase name="logoff1" time="7.309" classname="parallelTestDemo.MyParallelDemo"/>
</testsuite> <!-- Test -->
